Arguments: 
  D:\Program Files\nodejs\node.exe D:\Program Files (x86)\Yarn\bin\yarn.js install

PATH: 
  D:\Program Files\Python37\Scripts\;D:\Program Files\Python37\;C:\Windows\system32;C:\Windows;C:\Windows\System32\Wbem;C:\Windows\System32\WindowsPowerShell\v1.0\;D:\CMake\bin;D:\Program Files (x86)\Yarn\bin\;D:\Program Files\nodejs\;C:\Users\Administrator\AppData\Local\Microsoft\WindowsApps;D:\Program Files\MongoDB\Server\4.0\bin;D:\ctags58;D:\Vim\vim74;D:\Program Files\nodejs;C:\Users\Administrator\AppData\Local\Yarn\bin;C:\Users\Administrator\AppData\Roaming\npm

Yarn version: 
  1.9.4

Node version: 
  8.0.0

Platform: 
  win32 x64

Trace: 
  SyntaxError: E:\project\hapi-v17\demo2\package.json: Unexpected token } in JSON at position 497
      at JSON.parse (<anonymous>)
      at D:\Program Files (x86)\Yarn\lib\cli.js:1130:59
      at Generator.next (<anonymous>)
      at step (D:\Program Files (x86)\Yarn\lib\cli.js:92:30)
      at D:\Program Files (x86)\Yarn\lib\cli.js:103:13
      at <anonymous>

npm manifest: 
  {
    "name": "ceshi2-9-30",
    "version": "1.0.0",
    "main": "index.js",
    "license": "MIT",
    "dependencies": {
      "good": "^8.1.1",
      "good-console": "^7.1.0",
      "good-file": "^6.0.1",
      "good-http": "^6.1.3",
      "good-squeeze": "^5.1.0",
      "hapi": "^17.6.0",
      "hapi-auto-route": "^2.0.3",
      "hapi-swagger": "^9.1.1",
      "inert": "^5.1.0",
      "joi": "^13.7.0",
      "mongoose": "^5.3.0",
      "vision": "^5.4.0"
    },
    "devDependencies": {
      "hapi-auth-bearer-token": "^6.1.0",
    }
  }

yarn manifest: 
  No manifest

Lockfile: 
  # THIS IS AN AUTOGENERATED FILE. DO NOT EDIT THIS FILE DIRECTLY.
  # yarn lockfile v1
  
  
  accept@3.x.x:
    version "3.0.2"
    resolved "http://registry.npm.taobao.org/accept/download/accept-3.0.2.tgz#83e41cec7e1149f3fd474880423873db6c6cc9ac"
    dependencies:
      boom "7.x.x"
      hoek "5.x.x"
  
  ammo@3.x.x:
    version "3.0.1"
    resolved "http://registry.npm.taobao.org/ammo/download/ammo-3.0.1.tgz#c79ceeac36fb4e55085ea3fe0c2f42bfa5f7c914"
    dependencies:
      hoek "5.x.x"
  
  argparse@^1.0.7:
    version "1.0.10"
    resolved "http://registry.npm.taobao.org/argparse/download/argparse-1.0.10.tgz#bcd6791ea5ae09725e17e5ad988134cd40b3d911"
    dependencies:
      sprintf-js "~1.0.2"
  
  async@2.6.1, async@^2.5.0:
    version "2.6.1"
    resolved "http://registry.npm.taobao.org/async/download/async-2.6.1.tgz#b245a23ca71930044ec53fa46aa00a3e87c6a610"
    dependencies:
      lodash "^4.17.10"
  
  b64@4.x.x:
    version "4.0.0"
    resolved "http://registry.npm.taobao.org/b64/download/b64-4.0.0.tgz#c37f587f0a383c7019e821120e8c3f58f0d22772"
  
  balanced-match@^1.0.0:
    version "1.0.0"
    resolved "http://registry.npm.taobao.org/balanced-match/download/balanced-match-1.0.0.tgz#89b4d199ab2bee49de164ea02b89ce462d71b767"
  
  big-time@2.x.x:
    version "2.0.1"
    resolved "http://registry.npm.taobao.org/big-time/download/big-time-2.0.1.tgz#68c7df8dc30f97e953f25a67a76ac9713c16c9de"
  
  bluebird@3.5.1:
    version "3.5.1"
    resolved "http://registry.npm.taobao.org/bluebird/download/bluebird-3.5.1.tgz#d9551f9de98f1fcda1e683d17ee91a0602ee2eb9"
  
  boom@4.x.x:
    version "4.3.1"
    resolved "http://registry.npm.taobao.org/boom/download/boom-4.3.1.tgz#4f8a3005cb4a7e3889f749030fd25b96e01d2e31"
    dependencies:
      hoek "4.x.x"
  
  boom@7.x.x, boom@^7.1.1:
    version "7.2.0"
    resolved "http://registry.npm.taobao.org/boom/download/boom-7.2.0.tgz#2bff24a55565767fde869ec808317eb10c48e966"
    dependencies:
      hoek "5.x.x"
  
  bounce@1.x.x:
    version "1.2.0"
    resolved "http://registry.npm.taobao.org/bounce/download/bounce-1.2.0.tgz#e3bac68c73fd256e38096551efc09f504873c8c8"
    dependencies:
      boom "7.x.x"
      hoek "5.x.x"
  
  brace-expansion@^1.1.7:
    version "1.1.11"
    resolved "http://registry.npm.taobao.org/brace-expansion/download/brace-expansion-1.1.11.tgz#3c7fcbf529d87226f3d2f52b966ff5271eb441dd"
    dependencies:
      balanced-match "^1.0.0"
      concat-map "0.0.1"
  
  bson@^1.1.0:
    version "1.1.0"
    resolved "http://registry.npm.taobao.org/bson/download/bson-1.1.0.tgz#bee57d1fb6a87713471af4e32bcae36de814b5b0"
  
  bson@~1.0.5:
    version "1.0.9"
    resolved "http://registry.npm.taobao.org/bson/download/bson-1.0.9.tgz#12319f8323b1254739b7c6bef8d3e89ae05a2f57"
  
  call-me-maybe@^1.0.1:
    version "1.0.1"
    resolved "http://registry.npm.taobao.org/call-me-maybe/download/call-me-maybe-1.0.1.tgz#26d208ea89e37b5cbde60250a15f031c16a4d66b"
  
  call@5.x.x:
    version "5.0.1"
    resolved "http://registry.npm.taobao.org/call/download/call-5.0.1.tgz#ac1b5c106d9edc2a17af2a4a4f74dd4f0c06e910"
    dependencies:
      boom "7.x.x"
      hoek "5.x.x"
  
  catbox-memory@3.x.x:
    version "3.1.2"
    resolved "http://registry.npm.taobao.org/catbox-memory/download/catbox-memory-3.1.2.tgz#4aeec1bc994419c0f7e60087f172aaedd9b4911c"
    dependencies:
      big-time "2.x.x"
      boom "7.x.x"
      hoek "5.x.x"
  
  catbox@10.x.x:
    version "10.0.3"
    resolved "http://registry.npm.taobao.org/catbox/download/catbox-10.0.3.tgz#1f6f6436dfab30cdd23f753877bcb4afe980414b"
    dependencies:
      boom "7.x.x"
      hoek "5.x.x"
      joi "13.x.x"
  
  commander@^2.7.1:
    version "2.18.0"
    resolved "http://registry.npm.taobao.org/commander/download/commander-2.18.0.tgz#2bf063ddee7c7891176981a2cc798e5754bc6970"
  
  commander@~2.17.1:
    version "2.17.1"
    resolved "http://registry.npm.taobao.org/commander/download/commander-2.17.1.tgz#bd77ab7de6de94205ceacc72f1716d29f20a77bf"
  
  concat-map@0.0.1:
    version "0.0.1"
    resolved "http://registry.npm.taobao.org/concat-map/download/concat-map-0.0.1.tgz#d8a96bd77fd68df7793a73036a3ba0d5405d477b"
  
  content@4.x.x:
    version "4.0.5"
    resolved "http://registry.npm.taobao.org/content/download/content-4.0.5.tgz#bc547deabc889ab69bce17faf3585c29f4c41bf2"
    dependencies:
      boom "7.x.x"
  
  core-js@^2.5.7:
    version "2.5.7"
    resolved "http://registry.npm.taobao.org/core-js/download/core-js-2.5.7.tgz#f972608ff0cead68b841a16a932d0b183791814e"
  
  core-util-is@~1.0.0:
    version "1.0.2"
    resolved "http://registry.npm.taobao.org/core-util-is/download/core-util-is-1.0.2.tgz#b5fd54220aa2bc5ab57aab7140c940754503c1a7"
  
  cryptiles@4.x.x:
    version "4.1.2"
    resolved "http://registry.npm.taobao.org/cryptiles/download/cryptiles-4.1.2.tgz#363c9ab5c859da9d2d6fb901b64d980966181184"
    dependencies:
      boom "7.x.x"
  
  debug@3.1.0:
    version "3.1.0"
    resolved "http://registry.npm.taobao.org/debug/download/debug-3.1.0.tgz#5bb5a0672628b64149566ba16819e61518c67261"
    dependencies:
      ms "2.0.0"
  
  debug@^3.1.0:
    version "3.2.5"
    resolved "http://registry.npm.taobao.org/debug/download/debug-3.2.5.tgz#c2418fbfd7a29f4d4f70ff4cea604d4b64c46407"
    dependencies:
      ms "^2.1.1"
  
  duplexify@^3.5.3:
    version "3.6.0"
    resolved "http://registry.npm.taobao.org/duplexify/download/duplexify-3.6.0.tgz#592903f5d80b38d037220541264d69a198fb3410"
    dependencies:
      end-of-stream "^1.0.0"
      inherits "^2.0.1"
      readable-stream "^2.0.0"
      stream-shift "^1.0.0"
  
  end-of-stream@^1.0.0, end-of-stream@^1.1.0:
    version "1.4.1"
    resolved "http://registry.npm.taobao.org/end-of-stream/download/end-of-stream-1.4.1.tgz#ed29634d19baba463b6ce6b80a37213eab71ec43"
    dependencies:
      once "^1.4.0"
  
  esprima@^4.0.0:
    version "4.0.1"
    resolved "http://registry.npm.taobao.org/esprima/download/esprima-4.0.1.tgz#13b04cdb3e6c5d19df91ab6987a8695619b0aa71"
  
  fast-safe-stringify@1.1.x:
    version "1.1.13"
    resolved "http://registry.npm.taobao.org/fast-safe-stringify/download/fast-safe-stringify-1.1.13.tgz#a01e9cd9c9e491715c98a75a42d5f0bbd107ff76"
  
  fast-safe-stringify@2.0.x:
    version "2.0.6"
    resolved "http://registry.npm.taobao.org/fast-safe-stringify/download/fast-safe-stringify-2.0.6.tgz#04b26106cc56681f51a044cfc0d76cf0008ac2c2"
  
  fast-safe-stringify@^1.2.3:
    version "1.2.3"
    resolved "http://registry.npm.taobao.org/fast-safe-stringify/download/fast-safe-stringify-1.2.3.tgz#9fe22c37fb2f7f86f06b8f004377dbf8f1ee7bc1"
  
  format-util@^1.0.3:
    version "1.0.3"
    resolved "http://registry.npm.taobao.org/format-util/download/format-util-1.0.3.tgz#032dca4a116262a12c43f4c3ec8566416c5b2d95"
  
  fs-extra@0.26.7:
    version "0.26.7"
    resolved "http://registry.npm.taobao.org/fs-extra/download/fs-extra-0.26.7.tgz#9ae1fdd94897798edab76d0918cf42d0c3184fa9"
    dependencies:
      graceful-fs "^4.1.2"
      jsonfile "^2.1.0"
      klaw "^1.0.0"
      path-is-absolute "^1.0.0"
      rimraf "^2.2.8"
  
  fs.realpath@^1.0.0:
    version "1.0.0"
    resolved "http://registry.npm.taobao.org/fs.realpath/download/fs.realpath-1.0.0.tgz#1504ad2523158caa40db4a2787cb01411994ea4f"
  
  glob@7.x.x, glob@^7.0.5:
    version "7.1.3"
    resolved "http://registry.npm.taobao.org/glob/download/glob-7.1.3.tgz#3960832d3f1574108342dafd3a67b332c0969df1"
    dependencies:
      fs.realpath "^1.0.0"
      inflight "^1.0.4"
      inherits "2"
      minimatch "^3.0.4"
      once "^1.3.0"
      path-is-absolute "^1.0.0"
  
  good-console@^7.1.0:
    version "7.1.0"
    resolved "http://registry.npm.taobao.org/good-console/download/good-console-7.1.0.tgz#ebcf948d7adb8898145bdc76f2f7cdd64641b4a0"
    dependencies:
      hoek "4.x.x"
      joi "12.x.x"
      json-stringify-safe "5.0.x"
      moment "2.20.x"
  
  good-file@^6.0.1:
    version "6.0.1"
    resolved "http://registry.npm.taobao.org/good-file/download/good-file-6.0.1.tgz#a4260d2232585d52f3054756b2dde27de42697cb"
    dependencies:
      fs-extra "0.26.7"
  
  good-http@^6.1.3:
    version "6.1.3"
    resolved "http://registry.npm.taobao.org/good-http/download/good-http-6.1.3.tgz#a41d245faa75af48480cff720f4bde12feb196bc"
    dependencies:
      fast-safe-stringify "1.1.x"
      wreck "10.x.x"
  
  good-squeeze@^5.1.0:
    version "5.1.0"
    resolved "http://registry.npm.taobao.org/good-squeeze/download/good-squeeze-5.1.0.tgz#265f3e8be6081aa44c55d484d1af375e166752b9"
    dependencies:
      fast-safe-stringify "2.0.x"
      hoek "4.2.x"
  
  good@^8.1.1:
    version "8.1.1"
    resolved "http://registry.npm.taobao.org/good/download/good-8.1.1.tgz#02b38a9bdab4862d9a4e7897b13a88f6663cd81f"
    dependencies:
      hoek "5.x.x"
      joi "13.x.x"
      oppsy "2.x.x"
      pumpify "1.3.x"
  
  graceful-fs@^4.1.2, graceful-fs@^4.1.6, graceful-fs@^4.1.9:
    version "4.1.11"
    resolved "http://registry.npm.taobao.org/graceful-fs/download/graceful-fs-4.1.11.tgz#0e8bdfe4d1ddb8854d64e04ea7c00e2a026e5658"
  
  handlebars@^4.0.11:
    version "4.0.12"
    resolved "http://registry.npm.taobao.org/handlebars/download/handlebars-4.0.12.tgz#2c15c8a96d46da5e266700518ba8cb8d919d5bc5"
    dependencies:
      async "^2.5.0"
      optimist "^0.6.1"
      source-map "^0.6.1"
    optionalDependencies:
      uglify-js "^3.1.4"
  
  hapi-auto-route@^2.0.3:
    version "2.0.3"
    resolved "http://registry.npm.taobao.org/hapi-auto-route/download/hapi-auto-route-2.0.3.tgz#b5dd25877f3b82f1ce1c851aeeceb676e9614b81"
    dependencies:
      glob "7.x.x"
      joi "13.x.x"
  
  hapi-swagger@^9.1.1:
    version "9.1.1"
    resolved "http://registry.npm.taobao.org/hapi-swagger/download/hapi-swagger-9.1.1.tgz#32e06cdaaf6974fb1445abccb0cb1912650561ac"
    dependencies:
      boom "^7.1.1"
      fast-safe-stringify "^1.2.3"
      handlebars "^4.0.11"
      hoek "^5.0.3"
      http-status "^1.0.1"
      joi "^13.1.2"
      json-schema-ref-parser "^4.1.0"
      swagger-parser "^4.0.2"
  
  hapi@^17.6.0:
    version "17.6.0"
    resolved "http://registry.npm.taobao.org/hapi/download/hapi-17.6.0.tgz#158a2276253a8de727be678c4daeb1f73929e588"
    dependencies:
      accept "3.x.x"
      ammo "3.x.x"
      boom "7.x.x"
      bounce "1.x.x"
      call "5.x.x"
      catbox "10.x.x"
      catbox-memory "3.x.x"
      heavy "6.x.x"
      hoek "5.x.x"
      joi "13.x.x"
      mimos "4.x.x"
      podium "3.x.x"
      shot "4.x.x"
      statehood "6.x.x"
      subtext "6.x.x"
      teamwork "3.x.x"
      topo "3.x.x"
  
  heavy@6.x.x:
    version "6.1.0"
    resolved "http://registry.npm.taobao.org/heavy/download/heavy-6.1.0.tgz#1bbfa43dc61dd4b543ede3ff87db8306b7967274"
    dependencies:
      boom "7.x.x"
      hoek "5.x.x"
      joi "13.x.x"
  
  hoek@4.2.x, hoek@4.x.x:
    version "4.2.1"
    resolved "http://registry.npm.taobao.org/hoek/download/hoek-4.2.1.tgz#9634502aa12c445dd5a7c5734b572bb8738aacbb"
  
  hoek@5.x.x, hoek@^5.0.3:
    version "5.0.4"
    resolved "http://registry.npm.taobao.org/hoek/download/hoek-5.0.4.tgz#0f7fa270a1cafeb364a4b2ddfaa33f864e4157da"
  
  http-status@^1.0.1:
    version "1.2.0"
    resolved "http://registry.npm.taobao.org/http-status/download/http-status-1.2.0.tgz#05f2a54c94f94d32d877b3a31ae08479772ba9f1"
  
  inert@^5.1.0:
    version "5.1.0"
    resolved "http://registry.npm.taobao.org/inert/download/inert-5.1.0.tgz#e9f130dc3047ccd9ffaa64b157b4c1114611035d"
    dependencies:
      ammo "3.x.x"
      boom "7.x.x"
      bounce "1.x.x"
      hoek "5.x.x"
      joi "13.x.x"
      lru-cache "4.1.x"
  
  inflight@^1.0.4:
    version "1.0.6"
    resolved "http://registry.npm.taobao.org/inflight/download/inflight-1.0.6.tgz#49bd6331d7d02d0c09bc910a1075ba8165b56df9"
    dependencies:
      once "^1.3.0"
      wrappy "1"
  
  inherits@2, inherits@^2.0.1, inherits@^2.0.3, inherits@~2.0.3:
    version "2.0.3"
    resolved "http://registry.npm.taobao.org/inherits/download/inherits-2.0.3.tgz#633c2c83e3da42a502f52466022480f4208261de"
  
  iron@5.x.x:
    version "5.0.4"
    resolved "http://registry.npm.taobao.org/iron/download/iron-5.0.4.tgz#003ed822f656f07c2b62762815f5de3947326867"
    dependencies:
      boom "7.x.x"
      cryptiles "4.x.x"
      hoek "5.x.x"
  
  isarray@~1.0.0:
    version "1.0.0"
    resolved "http://registry.npm.taobao.org/isarray/download/isarray-1.0.0.tgz#bb935d48582cba168c06834957a54a3e07124f11"
  
  isemail@3.x.x:
    version "3.1.3"
    resolved "http://registry.npm.taobao.org/isemail/download/isemail-3.1.3.tgz#64f37fc113579ea12523165c3ebe3a71a56ce571"
    dependencies:
      punycode "2.x.x"
  
  items@2.x.x:
    version "2.1.1"
    resolved "http://registry.npm.taobao.org/items/download/items-2.1.1.tgz#8bd16d9c83b19529de5aea321acaada78364a198"
  
  joi@12.x.x:
    version "12.0.0"
    resolved "http://registry.npm.taobao.org/joi/download/joi-12.0.0.tgz#46f55e68f4d9628f01bbb695902c8b307ad8d33a"
    dependencies:
      hoek "4.x.x"
      isemail "3.x.x"
      topo "2.x.x"
  
  joi@13.x.x, joi@^13.1.2, joi@^13.7.0:
    version "13.7.0"
    resolved "http://registry.npm.taobao.org/joi/download/joi-13.7.0.tgz#cfd85ebfe67e8a1900432400b4d03bbd93fb879f"
    dependencies:
      hoek "5.x.x"
      isemail "3.x.x"
      topo "3.x.x"
  
  js-yaml@^3.10.0, js-yaml@^3.12.0:
    version "3.12.0"
    resolved "http://registry.npm.taobao.org/js-yaml/download/js-yaml-3.12.0.tgz#eaed656ec8344f10f527c6bfa1b6e2244de167d1"
    dependencies:
      argparse "^1.0.7"
      esprima "^4.0.0"
  
  json-schema-ref-parser@^4.1.0:
    version "4.1.1"
    resolved "http://registry.npm.taobao.org/json-schema-ref-parser/download/json-schema-ref-parser-4.1.1.tgz#f7900efc15f693432d4ac6519dc1ee09c01aa40b"
    dependencies:
      call-me-maybe "^1.0.1"
      debug "^3.1.0"
      js-yaml "^3.10.0"
      ono "^4.0.3"
  
  json-schema-ref-parser@^5.0.3:
    version "5.1.3"
    resolved "http://registry.npm.taobao.org/json-schema-ref-parser/download/json-schema-ref-parser-5.1.3.tgz#f86c5868f40898e69169e1bbc854725a4fd0e1ad"
    dependencies:
      call-me-maybe "^1.0.1"
      debug "^3.1.0"
      js-yaml "^3.12.0"
      ono "^4.0.6"
  
  json-stringify-safe@5.0.x:
    version "5.0.1"
    resolved "http://registry.npm.taobao.org/json-stringify-safe/download/json-stringify-safe-5.0.1.tgz#1296a2d58fd45f19a0f6ce01d65701e2c735b6eb"
  
  jsonfile@^2.1.0:
    version "2.4.0"
    resolved "http://registry.npm.taobao.org/jsonfile/download/jsonfile-2.4.0.tgz#3736a2b428b87bbda0cc83b53fa3d633a35c2ae8"
    optionalDependencies:
      graceful-fs "^4.1.6"
  
  kareem@2.3.0:
    version "2.3.0"
    resolved "http://registry.npm.taobao.org/kareem/download/kareem-2.3.0.tgz#ef33c42e9024dce511eeaf440cd684f3af1fc769"
  
  klaw@^1.0.0:
    version "1.3.1"
    resolved "http://registry.npm.taobao.org/klaw/download/klaw-1.3.1.tgz#4088433b46b3b1ba259d78785d8e96f73ba02439"
    optionalDependencies:
      graceful-fs "^4.1.9"
  
  lodash.get@4.4.2, lodash.get@^4.0.0:
    version "4.4.2"
    resolved "http://registry.npm.taobao.org/lodash.get/download/lodash.get-4.4.2.tgz#2d177f652fa31e939b4438d5341499dfa3825e99"
  
  lodash.isequal@^4.0.0:
    version "4.5.0"
    resolved "http://registry.npm.taobao.org/lodash.isequal/download/lodash.isequal-4.5.0.tgz#415c4478f2bcc30120c22ce10ed3226f7d3e18e0"
  
  lodash@^4.17.10:
    version "4.17.11"
    resolved "http://registry.npm.taobao.org/lodash/download/lodash-4.17.11.tgz#b39ea6229ef607ecd89e2c8df12536891cac9b8d"
  
  lru-cache@4.1.x:
    version "4.1.3"
    resolved "http://registry.npm.taobao.org/lru-cache/download/lru-cache-4.1.3.tgz#a1175cf3496dfc8436c156c334b4955992bce69c"
    dependencies:
      pseudomap "^1.0.2"
      yallist "^2.1.2"
  
  memory-pager@^1.0.2:
    version "1.1.0"
    resolved "http://registry.npm.taobao.org/memory-pager/download/memory-pager-1.1.0.tgz#9308915e0e972849fefbae6f8bc95d6b350e7344"
  
  mime-db@1.x.x:
    version "1.36.0"
    resolved "http://registry.npm.taobao.org/mime-db/download/mime-db-1.36.0.tgz#5020478db3c7fe93aad7bbcc4dcf869c43363397"
  
  mimos@4.x.x:
    version "4.0.0"
    resolved "http://registry.npm.taobao.org/mimos/download/mimos-4.0.0.tgz#76e3d27128431cb6482fd15b20475719ad626a5a"
    dependencies:
      hoek "5.x.x"
      mime-db "1.x.x"
  
  minimatch@^3.0.4:
    version "3.0.4"
    resolved "http://registry.npm.taobao.org/minimatch/download/minimatch-3.0.4.tgz#5166e286457f03306064be5497e8dbb0c3d32083"
    dependencies:
      brace-expansion "^1.1.7"
  
  minimist@~0.0.1:
    version "0.0.10"
    resolved "http://registry.npm.taobao.org/minimist/download/minimist-0.0.10.tgz#de3f98543dbf96082be48ad1a0c7cda836301dcf"
  
  moment@2.20.x:
    version "2.20.1"
    resolved "http://registry.npm.taobao.org/moment/download/moment-2.20.1.tgz#d6eb1a46cbcc14a2b2f9434112c1ff8907f313fd"
  
  mongodb-core@3.1.5:
    version "3.1.5"
    resolved "http://registry.npm.taobao.org/mongodb-core/download/mongodb-core-3.1.5.tgz#59ca67d7f6cea570d5437624a7afec8d752d477a"
    dependencies:
      bson "^1.1.0"
      require_optional "^1.0.1"
      safe-buffer "^5.1.2"
    optionalDependencies:
      saslprep "^1.0.0"
  
  mongodb@3.1.6:
    version "3.1.6"
    resolved "http://registry.npm.taobao.org/mongodb/download/mongodb-3.1.6.tgz#6054641973b5bf5b5ae1c67dcbcf8fa88280273d"
    dependencies:
      mongodb-core "3.1.5"
      safe-buffer "^5.1.2"
  
  mongoose-legacy-pluralize@1.0.2:
    version "1.0.2"
    resolved "http://registry.npm.taobao.org/mongoose-legacy-pluralize/download/mongoose-legacy-pluralize-1.0.2.tgz#3ba9f91fa507b5186d399fb40854bff18fb563e4"
  
  mongoose@^5.3.0:
    version "5.3.0"
    resolved "http://registry.npm.taobao.org/mongoose/download/mongoose-5.3.0.tgz#5deadc5351cbf751c0af2d34f777fa9115a4a225"
    dependencies:
      async "2.6.1"
      bson "~1.0.5"
      kareem "2.3.0"
      lodash.get "4.4.2"
      mongodb "3.1.6"
      mongodb-core "3.1.5"
      mongoose-legacy-pluralize "1.0.2"
      mpath "0.5.1"
      mquery "3.2.0"
      ms "2.0.0"
      regexp-clone "0.0.1"
      safe-buffer "5.1.2"
      sliced "1.0.1"
  
  mpath@0.5.1:
    version "0.5.1"
    resolved "http://registry.npm.taobao.org/mpath/download/mpath-0.5.1.tgz#17131501f1ff9e6e4fbc8ffa875aa7065b5775ab"
  
  mquery@3.2.0:
    version "3.2.0"
    resolved "http://registry.npm.taobao.org/mquery/download/mquery-3.2.0.tgz#e276472abd5109686a15eb2a8e0761db813c81cc"
    dependencies:
      bluebird "3.5.1"
      debug "3.1.0"
      regexp-clone "0.0.1"
      safe-buffer "5.1.2"
      sliced "1.0.1"
  
  ms@2.0.0:
    version "2.0.0"
    resolved "http://registry.npm.taobao.org/ms/download/ms-2.0.0.tgz#5608aeadfc00be6c2901df5f9861788de0d597c8"
  
  ms@^2.1.1:
    version "2.1.1"
    resolved "http://registry.npm.taobao.org/ms/download/ms-2.1.1.tgz#30a5864eb3ebb0a66f2ebe6d727af06a09d86e0a"
  
  nigel@3.x.x:
    version "3.0.1"
    resolved "http://registry.npm.taobao.org/nigel/download/nigel-3.0.1.tgz#48a08859d65177312f1c25af7252c1e07bb07c2a"
    dependencies:
      hoek "5.x.x"
      vise "3.x.x"
  
  once@^1.3.0, once@^1.3.1, once@^1.4.0:
    version "1.4.0"
    resolved "http://registry.npm.taobao.org/once/download/once-1.4.0.tgz#583b1aa775961d4b113ac17d9c50baef9dd76bd1"
    dependencies:
      wrappy "1"
  
  ono@^4.0.3, ono@^4.0.5, ono@^4.0.6:
    version "4.0.9"
    resolved "http://registry.npm.taobao.org/ono/download/ono-4.0.9.tgz#46a51bf9ff2ed0ab98cd15755ccb425ac598ee4f"
    dependencies:
      format-util "^1.0.3"
  
  oppsy@2.x.x:
    version "2.0.0"
    resolved "http://registry.npm.taobao.org/oppsy/download/oppsy-2.0.0.tgz#3a194517adc24c3c61cdc56f35f4537e93a35e34"
    dependencies:
      hoek "5.x.x"
  
  optimist@^0.6.1:
    version "0.6.1"
    resolved "http://registry.npm.taobao.org/optimist/download/optimist-0.6.1.tgz#da3ea74686fa21a19a111c326e90eb15a0196686"
    dependencies:
      minimist "~0.0.1"
      wordwrap "~0.0.2"
  
  path-is-absolute@^1.0.0:
    version "1.0.1"
    resolved "http://registry.npm.taobao.org/path-is-absolute/download/path-is-absolute-1.0.1.tgz#174b9268735534ffbc7ace6bf53a5a9e1b5c5f5f"
  
  pez@4.x.x:
    version "4.0.2"
    resolved "http://registry.npm.taobao.org/pez/download/pez-4.0.2.tgz#0a7c81b64968e90b0e9562b398f390939e9c4b53"
    dependencies:
      b64 "4.x.x"
      boom "7.x.x"
      content "4.x.x"
      hoek "5.x.x"
      nigel "3.x.x"
  
  podium@3.x.x:
    version "3.1.2"
    resolved "http://registry.npm.taobao.org/podium/download/podium-3.1.2.tgz#b701429739cf6bdde6b3015ae6b48d400817ce9e"
    dependencies:
      hoek "5.x.x"
      joi "13.x.x"
  
  process-nextick-args@~2.0.0:
    version "2.0.0"
    resolved "http://registry.npm.taobao.org/process-nextick-args/download/process-nextick-args-2.0.0.tgz#a37d732f4271b4ab1ad070d35508e8290788ffaa"
  
  pseudomap@^1.0.2:
    version "1.0.2"
    resolved "http://registry.npm.taobao.org/pseudomap/download/pseudomap-1.0.2.tgz#f052a28da70e618917ef0a8ac34c1ae5a68286b3"
  
  pump@^2.0.0:
    version "2.0.1"
    resolved "http://registry.npm.taobao.org/pump/download/pump-2.0.1.tgz#12399add6e4cf7526d973cbc8b5ce2e2908b3909"
    dependencies:
      end-of-stream "^1.1.0"
      once "^1.3.1"
  
  pumpify@1.3.x:
    version "1.3.6"
    resolved "http://registry.npm.taobao.org/pumpify/download/pumpify-1.3.6.tgz#00d40e5ded0a3bf1e0788b1c0cf426a42882ab64"
    dependencies:
      duplexify "^3.5.3"
      inherits "^2.0.3"
      pump "^2.0.0"
  
  punycode@2.x.x:
    version "2.1.1"
    resolved "http://registry.npm.taobao.org/punycode/download/punycode-2.1.1.tgz#b58b010ac40c22c5657616c8d2c2c02c7bf479ec"
  
  readable-stream@^2.0.0:
    version "2.3.6"
    resolved "http://registry.npm.taobao.org/readable-stream/download/readable-stream-2.3.6.tgz#b11c27d88b8ff1fbe070643cf94b0c79ae1b0aaf"
    dependencies:
      core-util-is "~1.0.0"
      inherits "~2.0.3"
      isarray "~1.0.0"
      process-nextick-args "~2.0.0"
      safe-buffer "~5.1.1"
      string_decoder "~1.1.1"
      util-deprecate "~1.0.1"
  
  regexp-clone@0.0.1:
    version "0.0.1"
    resolved "http://registry.npm.taobao.org/regexp-clone/download/regexp-clone-0.0.1.tgz#a7c2e09891fdbf38fbb10d376fb73003e68ac589"
  
  require_optional@^1.0.1:
    version "1.0.1"
    resolved "http://registry.npm.taobao.org/require_optional/download/require_optional-1.0.1.tgz#4cf35a4247f64ca3df8c2ef208cc494b1ca8fc2e"
    dependencies:
      resolve-from "^2.0.0"
      semver "^5.1.0"
  
  resolve-from@^2.0.0:
    version "2.0.0"
    resolved "http://registry.npm.taobao.org/resolve-from/download/resolve-from-2.0.0.tgz#9480ab20e94ffa1d9e80a804c7ea147611966b57"
  
  rimraf@^2.2.8:
    version "2.6.2"
    resolved "http://registry.npm.taobao.org/rimraf/download/rimraf-2.6.2.tgz#2ed8150d24a16ea8651e6d6ef0f47c4158ce7a36"
    dependencies:
      glob "^7.0.5"
  
  safe-buffer@5.1.2, safe-buffer@^5.1.2, safe-buffer@~5.1.0, safe-buffer@~5.1.1:
    version "5.1.2"
    resolved "http://registry.npm.taobao.org/safe-buffer/download/safe-buffer-5.1.2.tgz#991ec69d296e0313747d59bdfd2b745c35f8828d"
  
  saslprep@^1.0.0:
    version "1.0.2"
    resolved "http://registry.npm.taobao.org/saslprep/download/saslprep-1.0.2.tgz#da5ab936e6ea0bbae911ffec77534be370c9f52d"
    dependencies:
      sparse-bitfield "^3.0.3"
  
  semver@^5.1.0:
    version "5.5.1"
    resolved "http://registry.npm.taobao.org/semver/download/semver-5.5.1.tgz#7dfdd8814bdb7cabc7be0fb1d734cfb66c940477"
  
  shot@4.x.x:
    version "4.0.5"
    resolved "http://registry.npm.taobao.org/shot/download/shot-4.0.5.tgz#c7e7455d11d60f6b6cd3c43e15a3b431c17e5566"
    dependencies:
      hoek "5.x.x"
      joi "13.x.x"
  
  sliced@1.0.1:
    version "1.0.1"
    resolved "http://registry.npm.taobao.org/sliced/download/sliced-1.0.1.tgz#0b3a662b5d04c3177b1926bea82b03f837a2ef41"
  
  source-map@^0.6.1, source-map@~0.6.1:
    version "0.6.1"
    resolved "http://registry.npm.taobao.org/source-map/download/source-map-0.6.1.tgz#74722af32e9614e9c287a8d0bbde48b5e2f1a263"
  
  sparse-bitfield@^3.0.3:
    version "3.0.3"
    resolved "http://registry.npm.taobao.org/sparse-bitfield/download/sparse-bitfield-3.0.3.tgz#ff4ae6e68656056ba4b3e792ab3334d38273ca11"
    dependencies:
      memory-pager "^1.0.2"
  
  sprintf-js@~1.0.2:
    version "1.0.3"
    resolved "http://registry.npm.taobao.org/sprintf-js/download/sprintf-js-1.0.3.tgz#04e6926f662895354f3dd015203633b857297e2c"
  
  statehood@6.x.x:
    version "6.0.6"
    resolved "http://registry.npm.taobao.org/statehood/download/statehood-6.0.6.tgz#0dbd7c50774d3f61a24e42b0673093bbc81fa5f0"
    dependencies:
      boom "7.x.x"
      bounce "1.x.x"
      cryptiles "4.x.x"
      hoek "5.x.x"
      iron "5.x.x"
      joi "13.x.x"
  
  stream-shift@^1.0.0:
    version "1.0.0"
    resolved "http://registry.npm.taobao.org/stream-shift/download/stream-shift-1.0.0.tgz#d5c752825e5367e786f78e18e445ea223a155952"
  
  string_decoder@~1.1.1:
    version "1.1.1"
    resolved "http://registry.npm.taobao.org/string_decoder/download/string_decoder-1.1.1.tgz#9cf1611ba62685d7030ae9e4ba34149c3af03fc8"
    dependencies:
      safe-buffer "~5.1.0"
  
  subtext@6.x.x:
    version "6.0.7"
    resolved "http://registry.npm.taobao.org/subtext/download/subtext-6.0.7.tgz#8e40a67901a734d598142665c90e398369b885f9"
    dependencies:
      boom "7.x.x"
      content "4.x.x"
      hoek "5.x.x"
      pez "4.x.x"
      wreck "14.x.x"
  
  swagger-methods@^1.0.4:
    version "1.0.4"
    resolved "http://registry.npm.taobao.org/swagger-methods/download/swagger-methods-1.0.4.tgz#2c5b844f4a22ab2f5e773f98193c28e386b1c37e"
  
  swagger-parser@^4.0.2:
    version "4.1.0"
    resolved "http://registry.npm.taobao.org/swagger-parser/download/swagger-parser-4.1.0.tgz#5fb08ccc0c5abb8f9de7cba6c5e437736d8a10f5"
    dependencies:
      call-me-maybe "^1.0.1"
      debug "^3.1.0"
      json-schema-ref-parser "^5.0.3"
      ono "^4.0.5"
      swagger-methods "^1.0.4"
      swagger-schema-official "2.0.0-bab6bed"
      z-schema "^3.19.1"
  
  swagger-schema-official@2.0.0-bab6bed:
    version "2.0.0-bab6bed"
    resolved "http://registry.npm.taobao.org/swagger-schema-official/download/swagger-schema-official-2.0.0-bab6bed.tgz#70070468d6d2977ca5237b2e519ca7d06a2ea3fd"
  
  teamwork@3.x.x:
    version "3.0.1"
    resolved "http://registry.npm.taobao.org/teamwork/download/teamwork-3.0.1.tgz#ff38c7161f41f8070b7813716eb6154036ece196"
  
  topo@2.x.x:
    version "2.0.2"
    resolved "http://registry.npm.taobao.org/topo/download/topo-2.0.2.tgz#cd5615752539057c0dc0491a621c3bc6fbe1d182"
    dependencies:
      hoek "4.x.x"
  
  topo@3.x.x:
    version "3.0.0"
    resolved "http://registry.npm.taobao.org/topo/download/topo-3.0.0.tgz#37e48c330efeac784538e0acd3e62ca5e231fe7a"
    dependencies:
      hoek "5.x.x"
  
  uglify-js@^3.1.4:
    version "3.4.9"
    resolved "http://registry.npm.taobao.org/uglify-js/download/uglify-js-3.4.9.tgz#af02f180c1207d76432e473ed24a28f4a782bae3"
    dependencies:
      commander "~2.17.1"
      source-map "~0.6.1"
  
  util-deprecate@~1.0.1:
    version "1.0.2"
    resolved "http://registry.npm.taobao.org/util-deprecate/download/util-deprecate-1.0.2.tgz#450d4dc9fa70de732762fbd2d4a28981419a0ccf"
  
  validator@^10.0.0:
    version "10.8.0"
    resolved "http://registry.npm.taobao.org/validator/download/validator-10.8.0.tgz#8acb15a5c39411cbc8ef2be0c98c2514da4410a7"
  
  vise@3.x.x:
    version "3.0.0"
    resolved "http://registry.npm.taobao.org/vise/download/vise-3.0.0.tgz#76ad14ab31669c50fbb0817bc0e72fedcbb3bf4c"
    dependencies:
      hoek "5.x.x"
  
  vision@^5.4.0:
    version "5.4.0"
    resolved "http://registry.npm.taobao.org/vision/download/vision-5.4.0.tgz#fc620deb95227881ea8b8d8a044dc1d1fd40e584"
    dependencies:
      boom "7.x.x"
      hoek "5.x.x"
      items "2.x.x"
      joi "13.x.x"
  
  wordwrap@~0.0.2:
    version "0.0.3"
    resolved "http://registry.npm.taobao.org/wordwrap/download/wordwrap-0.0.3.tgz#a3d5da6cd5c0bc0008d37234bbaf1bed63059107"
  
  wrappy@1:
    version "1.0.2"
    resolved "http://registry.npm.taobao.org/wrappy/download/wrappy-1.0.2.tgz#b5243d8f3ec1aa35f1364605bc0d1036e30ab69f"
  
  wreck@10.x.x:
    version "10.0.0"
    resolved "http://registry.npm.taobao.org/wreck/download/wreck-10.0.0.tgz#98ab882f85e16a526332507f101f5a7841162278"
    dependencies:
      boom "4.x.x"
      hoek "4.x.x"
  
  wreck@14.x.x:
    version "14.1.0"
    resolved "http://registry.npm.taobao.org/wreck/download/wreck-14.1.0.tgz#b13e526b6a8318e5ebc6969c0b21075c06337067"
    dependencies:
      boom "7.x.x"
      hoek "5.x.x"
  
  yallist@^2.1.2:
    version "2.1.2"
    resolved "http://registry.npm.taobao.org/yallist/download/yallist-2.1.2.tgz#1c11f9218f076089a47dd512f93c6699a6a81d52"
  
  z-schema@^3.19.1:
    version "3.24.1"
    resolved "http://registry.npm.taobao.org/z-schema/download/z-schema-3.24.1.tgz#07a3643c8e061ec1af32e823c9f9e5e5e56e3c8d"
    dependencies:
      core-js "^2.5.7"
      lodash.get "^4.0.0"
      lodash.isequal "^4.0.0"
      validator "^10.0.0"
    optionalDependencies:
      commander "^2.7.1"
